0 info it worked if it ends with ok
1 verbose cli [ '/usr/local/Cellar/node@6/6.14.4/bin/node',
1 verbose cli   '/usr/local/Cellar/node@6/6.14.4/bin/npm',
1 verbose cli   'start' ]
2 info using npm@3.10.10
3 info using node@v6.14.4
4 verbose run-script [ 'prestart', 'start', 'poststart' ]
5 info lifecycle demo-webpack@1.0.0~prestart: demo-webpack@1.0.0
6 silly lifecycle demo-webpack@1.0.0~prestart: no script for prestart, continuing
7 info lifecycle demo-webpack@1.0.0~start: demo-webpack@1.0.0
8 verbose lifecycle demo-webpack@1.0.0~start: unsafe-perm in lifecycle true
9 verbose lifecycle demo-webpack@1.0.0~start: PATH: /usr/local/Cellar/node@6/6.14.4/lib/node_modules/npm/bin/node-gyp-bin:/Users/hello/PhpstormProjects/example/webpack/node_modules/.bin:/usr/local/Cellar/node@6/6.14.4/bin:/Applications/MAMP/bin/php/php7.1.8/bin:/Users/hello/Applications/groovy-2.4.15/bin:/Users/hello/Applications/maven3/bin:/Library/Java/JavaVirtualMachines/jdk1.8.0_151.jdk/Contents/Home/bin:/Users/hello/.gradle/wrapper/dists/gradle-4.6-all/bcst21l2brirad8k2ben1letg/gradle-4.6/bin:/Applications/MAMP/Library/bin:/Users/hello/Library/Android/sdk/platform-tools:/Users/hello/bin:/usr/local/bin:/usr/bin:/bin:/usr/sbin:/sbin:/Applications/VMware Fusion.app/Contents/Public
10 verbose lifecycle demo-webpack@1.0.0~start: CWD: /Users/hello/PhpstormProjects/example/webpack
11 silly lifecycle demo-webpack@1.0.0~start: Args: [ '-c', 'webpack' ]
12 silly lifecycle demo-webpack@1.0.0~start: Returned: code: 2  signal: null
13 info lifecycle demo-webpack@1.0.0~start: Failed to exec start script
14 verbose stack Error: demo-webpack@1.0.0 start: `webpack`
14 verbose stack Exit status 2
14 verbose stack     at EventEmitter.<anonymous> (/usr/local/Cellar/node@6/6.14.4/lib/node_modules/npm/lib/utils/lifecycle.js:255:16)
14 verbose stack     at emitTwo (events.js:106:13)
14 verbose stack     at EventEmitter.emit (events.js:191:7)
14 verbose stack     at ChildProcess.<anonymous> (/usr/local/Cellar/node@6/6.14.4/lib/node_modules/npm/lib/utils/spawn.js:40:14)
14 verbose stack     at emitTwo (events.js:106:13)
14 verbose stack     at ChildProcess.emit (events.js:191:7)
14 verbose stack     at maybeClose (internal/child_process.js:920:16)
14 verbose stack     at Process.ChildProcess._handle.onexit (internal/child_process.js:230:5)
15 verbose pkgid demo-webpack@1.0.0
16 verbose cwd /Users/hello/PhpstormProjects/example/webpack
17 error Darwin 16.7.0
18 error argv "/usr/local/Cellar/node@6/6.14.4/bin/node" "/usr/local/Cellar/node@6/6.14.4/bin/npm" "start"
19 error node v6.14.4
20 error npm  v3.10.10
21 error code ELIFECYCLE
22 error demo-webpack@1.0.0 start: `webpack`
22 error Exit status 2
23 error Failed at the demo-webpack@1.0.0 start script 'webpack'.
23 error Make sure you have the latest version of node.js and npm installed.
23 error If you do, this is most likely a problem with the demo-webpack package,
23 error not with npm itself.
23 error Tell the author that this fails on your system:
23 error     webpack
23 error You can get information on how to open an issue for this project with:
23 error     npm bugs demo-webpack
23 error Or if that isn't available, you can get their info via:
23 error     npm owner ls demo-webpack
23 error There is likely additional logging output above.
24 verbose exit [ 1, true ]
